# JRE version: OpenJDK Runtime Environment (8.0_202) (build 1.8.0_202-release-1483-b49-5587405)
# Java VM: OpenJDK 64-Bit Server VM (25.202-b49-5587405 mixed mode linux-amd64 compressed oops)
Heap:
 PSYoungGen      total 290816K, used 20969K [0x00000000e0000000, 0x00000000f3d00000, 0x0000000100000000)
  eden space 269824K, 0% used [0x00000000e0000000,0x00000000e0000000,0x00000000f0780000)
  from space 20992K, 99% used [0x00000000f0780000,0x00000000f1bfa6e0,0x00000000f1c00000)
  to   space 17408K, 0% used [0x00000000f1c00000,0x00000000f1c00000,0x00000000f2d00000)
 ParOldGen       total 167936K, used 39729K [0x00000000a0000000, 0x00000000aa400000, 0x00000000e0000000)
  object space 167936K, 23% used [0x00000000a0000000,0x00000000a26cc5a0,0x00000000aa400000)
 Metaspace       used 66634K, capacity 68670K, committed 68992K, reserved 1110016K
  class space    used 8763K, capacity 9276K, committed 9344K, reserved 1048576K
GC Heap History (10 events):
Event: 55,806 GC heap after
Heap after GC invocations=13 (full 2):
 PSYoungGen      total 222720K, used 9604K [0x00000000e0000000, 0x00000000f0700000, 0x0000000100000000)
  eden space 206848K, 0% used [0x00000000e0000000,0x00000000e0000000,0x00000000eca00000)
  from space 15872K, 60% used [0x00000000eca00000,0x00000000ed3611c8,0x00000000ed980000)
  to   space 15360K, 0% used [0x00000000ef800000,0x00000000ef800000,0x00000000f0700000)
 ParOldGen       total 116736K, used 15683K [0x00000000a0000000, 0x00000000a7200000, 0x00000000e0000000)
  object space 116736K, 13% used [0x00000000a0000000,0x00000000a0f50d30,0x00000000a7200000)
 Metaspace       used 45519K, capacity 46450K, committed 46592K, reserved 1089536K
  class space    used 5830K, capacity 6101K, committed 6144K, reserved 1048576K
}
Event: 96,015 GC heap before
{Heap before GC invocations=14 (full 2):
 PSYoungGen      total 222720K, used 216452K [0x00000000e0000000, 0x00000000f0700000, 0x0000000100000000)
  eden space 206848K, 100% used [0x00000000e0000000,0x00000000eca00000,0x00000000eca00000)
  from space 15872K, 60% used [0x00000000eca00000,0x00000000ed3611c8,0x00000000ed980000)
  to   space 15360K, 0% used [0x00000000ef800000,0x00000000ef800000,0x00000000f0700000)
 ParOldGen       total 116736K, used 15683K [0x00000000a0000000, 0x00000000a7200000, 0x00000000e0000000)
  object space 116736K, 13% used [0x00000000a0000000,0x00000000a0f50d30,0x00000000a7200000)
 Metaspace       used 45561K, capacity 46514K, committed 46592K, reserved 1089536K
  class space    used 5830K, capacity 6101K, committed 6144K, reserved 1048576K
Event: 97,794 GC heap after
Heap after GC invocations=14 (full 2):
 PSYoungGen      total 253952K, used 9828K [0x00000000e0000000, 0x00000000f0c80000, 0x0000000100000000)
  eden space 238592K, 0% used [0x00000000e0000000,0x00000000e0000000,0x00000000ee900000)
  from space 15360K, 63% used [0x00000000ef800000,0x00000000f0199398,0x00000000f0700000)
  to   space 15360K, 0% used [0x00000000ee900000,0x00000000ee900000,0x00000000ef800000)
 ParOldGen       total 116736K, used 15691K [0x00000000a0000000, 0x00000000a7200000, 0x00000000e0000000)
  object space 116736K, 13% used [0x00000000a0000000,0x00000000a0f52d30,0x00000000a7200000)
 Metaspace       used 45561K, capacity 46514K, committed 46592K, reserved 1089536K
  class space    used 5830K, capacity 6101K, committed 6144K, reserved 1048576K
}
Event: 152,159 GC heap before
{Heap before GC invocations=15 (full 2):
 PSYoungGen      total 253952K, used 248420K [0x00000000e0000000, 0x00000000f0c80000, 0x0000000100000000)
  eden space 238592K, 100% used [0x00000000e0000000,0x00000000ee900000,0x00000000ee900000)
  from space 15360K, 63% used [0x00000000ef800000,0x00000000f0199398,0x00000000f0700000)
  to   space 15360K, 0% used [0x00000000ee900000,0x00000000ee900000,0x00000000ef800000)
 ParOldGen       total 116736K, used 15691K [0x00000000a0000000, 0x00000000a7200000, 0x00000000e0000000)
  object space 116736K, 13% used [0x00000000a0000000,0x00000000a0f52d30,0x00000000a7200000)
 Metaspace       used 52138K, capacity 53266K, committed 53504K, reserved 1095680K
  class space    used 6631K, capacity 6896K, committed 6912K, reserved 1048576K
Event: 152,178 GC heap after
Heap after GC invocations=15 (full 2):
 PSYoungGen      total 253952K, used 15349K [0x00000000e0000000, 0x00000000f2d00000, 0x0000000100000000)
  eden space 238592K, 0% used [0x00000000e0000000,0x00000000e0000000,0x00000000ee900000)
  from space 15360K, 99% used [0x00000000ee900000,0x00000000ef7fd728,0x00000000ef800000)
  to   space 17408K, 0% used [0x00000000f1c00000,0x00000000f1c00000,0x00000000f2d00000)
 ParOldGen       total 116736K, used 16655K [0x00000000a0000000, 0x00000000a7200000, 0x00000000e0000000)
  object space 116736K, 14% used [0x00000000a0000000,0x00000000a1043ed8,0x00000000a7200000)
 Metaspace       used 52138K, capacity 53266K, committed 53504K, reserved 1095680K
  class space    used 6631K, capacity 6896K, committed 6912K, reserved 1048576K
}
Event: 153,364 GC heap before
{Heap before GC invocations=16 (full 2):
 PSYoungGen      total 253952K, used 106067K [0x00000000e0000000, 0x00000000f2d00000, 0x0000000100000000)
  eden space 238592K, 38% used [0x00000000e0000000,0x00000000e58977b0,0x00000000ee900000)
  from space 15360K, 99% used [0x00000000ee900000,0x00000000ef7fd728,0x00000000ef800000)
  to   space 17408K, 0% used [0x00000000f1c00000,0x00000000f1c00000,0x00000000f2d00000)
 ParOldGen       total 116736K, used 16655K [0x00000000a0000000, 0x00000000a7200000, 0x00000000e0000000)
  object space 116736K, 14% used [0x00000000a0000000,0x00000000a1043ed8,0x00000000a7200000)
 Metaspace       used 57582K, capacity 59146K, committed 59160K, reserved 1101824K
  class space    used 7403K, capacity 7797K, committed 7808K, reserved 1048576K
Event: 153,394 GC heap after
Heap after GC invocations=16 (full 2):
 PSYoungGen      total 287232K, used 17378K [0x00000000e0000000, 0x00000000f3d00000, 0x0000000100000000)
  eden space 269824K, 0% used [0x00000000e0000000,0x00000000e0000000,0x00000000f0780000)
  from space 17408K, 99% used [0x00000000f1c00000,0x00000000f2cf88a8,0x00000000f2d00000)
  to   space 20992K, 0% used [0x00000000f0780000,0x00000000f0780000,0x00000000f1c00000)
 ParOldGen       total 116736K, used 21345K [0x00000000a0000000, 0x00000000a7200000, 0x00000000e0000000)
  object space 116736K, 18% used [0x00000000a0000000,0x00000000a14d8400,0x00000000a7200000)
 Metaspace       used 57582K, capacity 59146K, committed 59160K, reserved 1101824K
  class space    used 7403K, capacity 7797K, committed 7808K, reserved 1048576K
}
Event: 153,394 GC heap before
{Heap before GC invocations=17 (full 3):
 PSYoungGen      total 287232K, used 17378K [0x00000000e0000000, 0x00000000f3d00000, 0x0000000100000000)
  eden space 269824K, 0% used [0x00000000e0000000,0x00000000e0000000,0x00000000f0780000)
  from space 17408K, 99% used [0x00000000f1c00000,0x00000000f2cf88a8,0x00000000f2d00000)
  to   space 20992K, 0% used [0x00000000f0780000,0x00000000f0780000,0x00000000f1c00000)
 ParOldGen       total 116736K, used 21345K [0x00000000a0000000, 0x00000000a7200000, 0x00000000e0000000)
  object space 116736K, 18% used [0x00000000a0000000,0x00000000a14d8400,0x00000000a7200000)
 Metaspace       used 57582K, capacity 59146K, committed 59160K, reserved 1101824K
  class space    used 7403K, capacity 7797K, committed 7808K, reserved 1048576K
Event: 153,622 GC heap after
Heap after GC invocations=17 (full 3):
 PSYoungGen      total 287232K, used 0K [0x00000000e0000000, 0x00000000f3d00000, 0x0000000100000000)
  eden space 269824K, 0% used [0x00000000e0000000,0x00000000e0000000,0x00000000f0780000)
  from space 17408K, 0% used [0x00000000f1c00000,0x00000000f1c00000,0x00000000f2d00000)
  to   space 20992K, 0% used [0x00000000f0780000,0x00000000f0780000,0x00000000f1c00000)
 ParOldGen       total 167936K, used 33926K [0x00000000a0000000, 0x00000000aa400000, 0x00000000e0000000)
  object space 167936K, 20% used [0x00000000a0000000,0x00000000a2121920,0x00000000aa400000)
 Metaspace       used 57516K, capacity 58998K, committed 59160K, reserved 1101824K
  class space    used 7383K, capacity 7772K, committed 7808K, reserved 1048576K
}
Event: 160,778 GC heap before
{Heap before GC invocations=18 (full 3):
 PSYoungGen      total 287232K, used 269824K [0x00000000e0000000, 0x00000000f3d00000, 0x0000000100000000)
  eden space 269824K, 100% used [0x00000000e0000000,0x00000000f0780000,0x00000000f0780000)
  from space 17408K, 0% used [0x00000000f1c00000,0x00000000f1c00000,0x00000000f2d00000)
  to   space 20992K, 0% used [0x00000000f0780000,0x00000000f0780000,0x00000000f1c00000)
 ParOldGen       total 167936K, used 33926K [0x00000000a0000000, 0x00000000aa400000, 0x00000000e0000000)
  object space 167936K, 20% used [0x00000000a0000000,0x00000000a2121920,0x00000000aa400000)
 Metaspace       used 66634K, capacity 68670K, committed 68992K, reserved 1110016K
  class space    used 8763K, capacity 9276K, committed 9344K, reserved 1048576K

