# JRE version: OpenJDK Runtime Environment (8.0_202) (build 1.8.0_202-release-1483-b49-5587405)
# Java VM: OpenJDK 64-Bit Server VM (25.202-b49-5587405 mixed mode linux-amd64 compressed oops)
Heap:
 PSYoungGen      total 211968K, used 7862K [0x00000000e0000000, 0x00000000ee800000, 0x0000000100000000)
  eden space 196608K, 0% used [0x00000000e0000000,0x00000000e0000000,0x00000000ec000000)
  from space 15360K, 51% used [0x00000000ec000000,0x00000000ec7adba8,0x00000000ecf00000)
  to   space 15872K, 0% used [0x00000000ecf00000,0x00000000ecf00000,0x00000000ede80000)
 ParOldGen       total 64000K, used 18680K [0x00000000a0000000, 0x00000000a3e80000, 0x00000000e0000000)
  object space 64000K, 29% used [0x00000000a0000000,0x00000000a123e2b0,0x00000000a3e80000)
 Metaspace       used 31868K, capacity 32434K, committed 32768K, reserved 1077248K
  class space    used 4298K, capacity 4500K, committed 4608K, reserved 1048576K
GC Heap History (10 events):
Event: 1,643 GC heap after
Heap after GC invocations=3 (full 0):
 PSYoungGen      total 68608K, used 5104K [0x00000000e0000000, 0x00000000e8600000, 0x0000000100000000)
  eden space 63488K, 0% used [0x00000000e0000000,0x00000000e0000000,0x00000000e3e00000)
  from space 5120K, 99% used [0x00000000e3e00000,0x00000000e42fc030,0x00000000e4300000)
  to   space 5120K, 0% used [0x00000000e8100000,0x00000000e8100000,0x00000000e8600000)
 ParOldGen       total 84992K, used 5121K [0x00000000a0000000, 0x00000000a5300000, 0x00000000e0000000)
  object space 84992K, 6% used [0x00000000a0000000,0x00000000a05007c0,0x00000000a5300000)
 Metaspace       used 15264K, capacity 15656K, committed 16000K, reserved 1062912K
  class space    used 2175K, capacity 2326K, committed 2432K, reserved 1048576K
}
Event: 3,823 GC heap before
{Heap before GC invocations=4 (full 0):
 PSYoungGen      total 68608K, used 56309K [0x00000000e0000000, 0x00000000e8600000, 0x0000000100000000)
  eden space 63488K, 80% used [0x00000000e0000000,0x00000000e32013f0,0x00000000e3e00000)
  from space 5120K, 99% used [0x00000000e3e00000,0x00000000e42fc030,0x00000000e4300000)
  to   space 5120K, 0% used [0x00000000e8100000,0x00000000e8100000,0x00000000e8600000)
 ParOldGen       total 84992K, used 5121K [0x00000000a0000000, 0x00000000a5300000, 0x00000000e0000000)
  object space 84992K, 6% used [0x00000000a0000000,0x00000000a05007c0,0x00000000a5300000)
 Metaspace       used 20683K, capacity 21098K, committed 21296K, reserved 1067008K
  class space    used 2955K, capacity 3121K, committed 3200K, reserved 1048576K
Event: 3,842 GC heap after
Heap after GC invocations=4 (full 0):
 PSYoungGen      total 132096K, used 5108K [0x00000000e0000000, 0x00000000e8600000, 0x0000000100000000)
  eden space 126976K, 0% used [0x00000000e0000000,0x00000000e0000000,0x00000000e7c00000)
  from space 5120K, 99% used [0x00000000e8100000,0x00000000e85fd060,0x00000000e8600000)
  to   space 5120K, 0% used [0x00000000e7c00000,0x00000000e7c00000,0x00000000e8100000)
 ParOldGen       total 84992K, used 11130K [0x00000000a0000000, 0x00000000a5300000, 0x00000000e0000000)
  object space 84992K, 13% used [0x00000000a0000000,0x00000000a0ade838,0x00000000a5300000)
 Metaspace       used 20683K, capacity 21098K, committed 21296K, reserved 1067008K
  class space    used 2955K, capacity 3121K, committed 3200K, reserved 1048576K
}
Event: 3,842 GC heap before
{Heap before GC invocations=5 (full 1):
 PSYoungGen      total 132096K, used 5108K [0x00000000e0000000, 0x00000000e8600000, 0x0000000100000000)
  eden space 126976K, 0% used [0x00000000e0000000,0x00000000e0000000,0x00000000e7c00000)
  from space 5120K, 99% used [0x00000000e8100000,0x00000000e85fd060,0x00000000e8600000)
  to   space 5120K, 0% used [0x00000000e7c00000,0x00000000e7c00000,0x00000000e8100000)
 ParOldGen       total 84992K, used 11130K [0x00000000a0000000, 0x00000000a5300000, 0x00000000e0000000)
  object space 84992K, 13% used [0x00000000a0000000,0x00000000a0ade838,0x00000000a5300000)
 Metaspace       used 20683K, capacity 21098K, committed 21296K, reserved 1067008K
  class space    used 2955K, capacity 3121K, committed 3200K, reserved 1048576K
Event: 3,898 GC heap after
Heap after GC invocations=5 (full 1):
 PSYoungGen      total 132096K, used 0K [0x00000000e0000000, 0x00000000e8600000, 0x0000000100000000)
  eden space 126976K, 0% used [0x00000000e0000000,0x00000000e0000000,0x00000000e7c00000)
  from space 5120K, 0% used [0x00000000e8100000,0x00000000e8100000,0x00000000e8600000)
  to   space 5120K, 0% used [0x00000000e7c00000,0x00000000e7c00000,0x00000000e8100000)
 ParOldGen       total 64000K, used 10961K [0x00000000a0000000, 0x00000000a3e80000, 0x00000000e0000000)
  object space 64000K, 17% used [0x00000000a0000000,0x00000000a0ab46d8,0x00000000a3e80000)
 Metaspace       used 20683K, capacity 21098K, committed 21296K, reserved 1067008K
  class space    used 2955K, capacity 3121K, committed 3200K, reserved 1048576K
}
Event: 6,839 GC heap before
{Heap before GC invocations=6 (full 1):
 PSYoungGen      total 132096K, used 126976K [0x00000000e0000000, 0x00000000e8600000, 0x0000000100000000)
  eden space 126976K, 100% used [0x00000000e0000000,0x00000000e7c00000,0x00000000e7c00000)
  from space 5120K, 0% used [0x00000000e8100000,0x00000000e8100000,0x00000000e8600000)
  to   space 5120K, 0% used [0x00000000e7c00000,0x00000000e7c00000,0x00000000e8100000)
 ParOldGen       total 64000K, used 10961K [0x00000000a0000000, 0x00000000a3e80000, 0x00000000e0000000)
  object space 64000K, 17% used [0x00000000a0000000,0x00000000a0ab46d8,0x00000000a3e80000)
 Metaspace       used 31860K, capacity 32434K, committed 32768K, reserved 1077248K
  class space    used 4297K, capacity 4500K, committed 4608K, reserved 1048576K
Event: 6,860 GC heap after
Heap after GC invocations=6 (full 1):
 PSYoungGen      total 132096K, used 5088K [0x00000000e0000000, 0x00000000ede80000, 0x0000000100000000)
  eden space 126976K, 0% used [0x00000000e0000000,0x00000000e0000000,0x00000000e7c00000)
  from space 5120K, 99% used [0x00000000e7c00000,0x00000000e80f8020,0x00000000e8100000)
  to   space 15872K, 0% used [0x00000000ecf00000,0x00000000ecf00000,0x00000000ede80000)
 ParOldGen       total 64000K, used 18664K [0x00000000a0000000, 0x00000000a3e80000, 0x00000000e0000000)
  object space 64000K, 29% used [0x00000000a0000000,0x00000000a123a2b0,0x00000000a3e80000)
 Metaspace       used 31860K, capacity 32434K, committed 32768K, reserved 1077248K
  class space    used 4297K, capacity 4500K, committed 4608K, reserved 1048576K
}
Event: 7,756 GC heap before
{Heap before GC invocations=7 (full 1):
 PSYoungGen      total 132096K, used 132064K [0x00000000e0000000, 0x00000000ede80000, 0x0000000100000000)
  eden space 126976K, 100% used [0x00000000e0000000,0x00000000e7c00000,0x00000000e7c00000)
  from space 5120K, 99% used [0x00000000e7c00000,0x00000000e80f8020,0x00000000e8100000)
  to   space 15872K, 0% used [0x00000000ecf00000,0x00000000ecf00000,0x00000000ede80000)
 ParOldGen       total 64000K, used 18664K [0x00000000a0000000, 0x00000000a3e80000, 0x00000000e0000000)
  object space 64000K, 29% used [0x00000000a0000000,0x00000000a123a2b0,0x00000000a3e80000)
 Metaspace       used 31861K, capacity 32434K, committed 32768K, reserved 1077248K
  class space    used 4297K, capacity 4500K, committed 4608K, reserved 1048576K
Event: 7,799 GC heap after
Heap after GC invocations=7 (full 1):
 PSYoungGen      total 212480K, used 9010K [0x00000000e0000000, 0x00000000ee800000, 0x0000000100000000)
  eden space 196608K, 0% used [0x00000000e0000000,0x00000000e0000000,0x00000000ec000000)
  from space 15872K, 56% used [0x00000000ecf00000,0x00000000ed7cc990,0x00000000ede80000)
  to   space 15360K, 0% used [0x00000000ec000000,0x00000000ec000000,0x00000000ecf00000)
 ParOldGen       total 64000K, used 18672K [0x00000000a0000000, 0x00000000a3e80000, 0x00000000e0000000)
  object space 64000K, 29% used [0x00000000a0000000,0x00000000a123c2b0,0x00000000a3e80000)
 Metaspace       used 31861K, capacity 32434K, committed 32768K, reserved 1077248K
  class space    used 4297K, capacity 4500K, committed 4608K, reserved 1048576K
}
Event: 9,134 GC heap before
{Heap before GC invocations=8 (full 1):
 PSYoungGen      total 212480K, used 205618K [0x00000000e0000000, 0x00000000ee800000, 0x0000000100000000)
  eden space 196608K, 100% used [0x00000000e0000000,0x00000000ec000000,0x00000000ec000000)
  from space 15872K, 56% used [0x00000000ecf00000,0x00000000ed7cc990,0x00000000ede80000)
  to   space 15360K, 0% used [0x00000000ec000000,0x00000000ec000000,0x00000000ecf00000)
 ParOldGen       total 64000K, used 18672K [0x00000000a0000000, 0x00000000a3e80000, 0x00000000e0000000)
  object space 64000K, 29% used [0x00000000a0000000,0x00000000a123c2b0,0x00000000a3e80000)
 Metaspace       used 31868K, capacity 32434K, committed 32768K, reserved 1077248K
  class space    used 4298K, capacity 4500K, committed 4608K, reserved 1048576K

