# JRE version: OpenJDK Runtime Environment (8.0_202) (build 1.8.0_202-release-1483-b49-5587405)
# Java VM: OpenJDK 64-Bit Server VM (25.202-b49-5587405 mixed mode linux-amd64 compressed oops)
Heap:
 PSYoungGen      total 275968K, used 12680K [0x00000000e0000000, 0x00000000f2900000, 0x0000000100000000)
  eden space 251904K, 0% used [0x00000000e0000000,0x00000000e0000000,0x00000000ef600000)
  from space 24064K, 52% used [0x00000000ef600000,0x00000000f0262040,0x00000000f0d80000)
  to   space 22016K, 0% used [0x00000000f0d80000,0x00000000f0d80000,0x00000000f2300000)
 ParOldGen       total 118272K, used 47226K [0x00000000a0000000, 0x00000000a7380000, 0x00000000e0000000)
  object space 118272K, 39% used [0x00000000a0000000,0x00000000a2e1e8c8,0x00000000a7380000)
 Metaspace       used 68938K, capacity 71380K, committed 71592K, reserved 1112064K
  class space    used 9262K, capacity 9794K, committed 9896K, reserved 1048576K
GC Heap History (10 events):
Event: 157,714 GC heap after
Heap after GC invocations=11 (full 2):
 PSYoungGen      total 157184K, used 13308K [0x00000000e0000000, 0x00000000ecd00000, 0x0000000100000000)
  eden space 143872K, 0% used [0x00000000e0000000,0x00000000e0000000,0x00000000e8c80000)
  from space 13312K, 99% used [0x00000000e8c80000,0x00000000e997f080,0x00000000e9980000)
  to   space 16896K, 0% used [0x00000000ebc80000,0x00000000ebc80000,0x00000000ecd00000)
 ParOldGen       total 95232K, used 20868K [0x00000000a0000000, 0x00000000a5d00000, 0x00000000e0000000)
  object space 95232K, 21% used [0x00000000a0000000,0x00000000a14612a8,0x00000000a5d00000)
 Metaspace       used 47503K, capacity 48874K, committed 49064K, reserved 1091584K
  class space    used 6430K, capacity 6766K, committed 6824K, reserved 1048576K
}
Event: 160,612 GC heap before
{Heap before GC invocations=12 (full 2):
 PSYoungGen      total 157184K, used 157180K [0x00000000e0000000, 0x00000000ecd00000, 0x0000000100000000)
  eden space 143872K, 100% used [0x00000000e0000000,0x00000000e8c80000,0x00000000e8c80000)
  from space 13312K, 99% used [0x00000000e8c80000,0x00000000e997f080,0x00000000e9980000)
  to   space 16896K, 0% used [0x00000000ebc80000,0x00000000ebc80000,0x00000000ecd00000)
 ParOldGen       total 95232K, used 20868K [0x00000000a0000000, 0x00000000a5d00000, 0x00000000e0000000)
  object space 95232K, 21% used [0x00000000a0000000,0x00000000a14612a8,0x00000000a5d00000)
 Metaspace       used 57162K, capacity 58946K, committed 59160K, reserved 1099776K
  class space    used 7835K, capacity 8257K, committed 8360K, reserved 1048576K
Event: 160,665 GC heap after
Heap after GC invocations=12 (full 2):
 PSYoungGen      total 188928K, used 16879K [0x00000000e0000000, 0x00000000ed680000, 0x0000000100000000)
  eden space 172032K, 0% used [0x00000000e0000000,0x00000000e0000000,0x00000000ea800000)
  from space 16896K, 99% used [0x00000000ebc80000,0x00000000eccfbce0,0x00000000ecd00000)
  to   space 20992K, 0% used [0x00000000ea800000,0x00000000ea800000,0x00000000ebc80000)
 ParOldGen       total 95232K, used 26812K [0x00000000a0000000, 0x00000000a5d00000, 0x00000000e0000000)
  object space 95232K, 28% used [0x00000000a0000000,0x00000000a1a2f060,0x00000000a5d00000)
 Metaspace       used 57162K, capacity 58946K, committed 59160K, reserved 1099776K
  class space    used 7835K, capacity 8257K, committed 8360K, reserved 1048576K
}
Event: 160,726 GC heap before
{Heap before GC invocations=13 (full 2):
 PSYoungGen      total 188928K, used 23533K [0x00000000e0000000, 0x00000000ed680000, 0x0000000100000000)
  eden space 172032K, 3% used [0x00000000e0000000,0x00000000e067f7a0,0x00000000ea800000)
  from space 16896K, 99% used [0x00000000ebc80000,0x00000000eccfbce0,0x00000000ecd00000)
  to   space 20992K, 0% used [0x00000000ea800000,0x00000000ea800000,0x00000000ebc80000)
 ParOldGen       total 95232K, used 26812K [0x00000000a0000000, 0x00000000a5d00000, 0x00000000e0000000)
  object space 95232K, 28% used [0x00000000a0000000,0x00000000a1a2f060,0x00000000a5d00000)
 Metaspace       used 57280K, capacity 59022K, committed 59160K, reserved 1099776K
  class space    used 7847K, capacity 8260K, committed 8360K, reserved 1048576K
Event: 160,753 GC heap after
Heap after GC invocations=13 (full 2):
 PSYoungGen      total 193024K, used 15956K [0x00000000e0000000, 0x00000000f2300000, 0x0000000100000000)
  eden space 172032K, 0% used [0x00000000e0000000,0x00000000e0000000,0x00000000ea800000)
  from space 20992K, 76% used [0x00000000ea800000,0x00000000eb795330,0x00000000ebc80000)
  to   space 22016K, 0% used [0x00000000f0d80000,0x00000000f0d80000,0x00000000f2300000)
 ParOldGen       total 95232K, used 26884K [0x00000000a0000000, 0x00000000a5d00000, 0x00000000e0000000)
  object space 95232K, 28% used [0x00000000a0000000,0x00000000a1a41070,0x00000000a5d00000)
 Metaspace       used 57280K, capacity 59022K, committed 59160K, reserved 1099776K
  class space    used 7847K, capacity 8260K, committed 8360K, reserved 1048576K
}
Event: 160,753 GC heap before
{Heap before GC invocations=14 (full 3):
 PSYoungGen      total 193024K, used 15956K [0x00000000e0000000, 0x00000000f2300000, 0x0000000100000000)
  eden space 172032K, 0% used [0x00000000e0000000,0x00000000e0000000,0x00000000ea800000)
  from space 20992K, 76% used [0x00000000ea800000,0x00000000eb795330,0x00000000ebc80000)
  to   space 22016K, 0% used [0x00000000f0d80000,0x00000000f0d80000,0x00000000f2300000)
 ParOldGen       total 95232K, used 26884K [0x00000000a0000000, 0x00000000a5d00000, 0x00000000e0000000)
  object space 95232K, 28% used [0x00000000a0000000,0x00000000a1a41070,0x00000000a5d00000)
 Metaspace       used 57280K, capacity 59022K, committed 59160K, reserved 1099776K
  class space    used 7847K, capacity 8260K, committed 8360K, reserved 1048576K
Event: 161,151 GC heap after
Heap after GC invocations=14 (full 3):
 PSYoungGen      total 193024K, used 0K [0x00000000e0000000, 0x00000000f2300000, 0x0000000100000000)
  eden space 172032K, 0% used [0x00000000e0000000,0x00000000e0000000,0x00000000ea800000)
  from space 20992K, 0% used [0x00000000ea800000,0x00000000ea800000,0x00000000ebc80000)
  to   space 22016K, 0% used [0x00000000f0d80000,0x00000000f0d80000,0x00000000f2300000)
 ParOldGen       total 118272K, used 30394K [0x00000000a0000000, 0x00000000a7380000, 0x00000000e0000000)
  object space 118272K, 25% used [0x00000000a0000000,0x00000000a1daea38,0x00000000a7380000)
 Metaspace       used 57271K, capacity 58992K, committed 59160K, reserved 1099776K
  class space    used 7844K, capacity 8255K, committed 8360K, reserved 1048576K
}
Event: 163,627 GC heap before
{Heap before GC invocations=15 (full 3):
 PSYoungGen      total 193024K, used 172032K [0x00000000e0000000, 0x00000000f2300000, 0x0000000100000000)
  eden space 172032K, 100% used [0x00000000e0000000,0x00000000ea800000,0x00000000ea800000)
  from space 20992K, 0% used [0x00000000ea800000,0x00000000ea800000,0x00000000ebc80000)
  to   space 22016K, 0% used [0x00000000f0d80000,0x00000000f0d80000,0x00000000f2300000)
 ParOldGen       total 118272K, used 30394K [0x00000000a0000000, 0x00000000a7380000, 0x00000000e0000000)
  object space 118272K, 25% used [0x00000000a0000000,0x00000000a1daea38,0x00000000a7380000)
 Metaspace       used 60971K, capacity 63020K, committed 63144K, reserved 1103872K
  class space    used 8343K, capacity 8854K, committed 8872K, reserved 1048576K
Event: 163,686 GC heap after
Heap after GC invocations=15 (full 3):
 PSYoungGen      total 273920K, used 18562K [0x00000000e0000000, 0x00000000f2900000, 0x0000000100000000)
  eden space 251904K, 0% used [0x00000000e0000000,0x00000000e0000000,0x00000000ef600000)
  from space 22016K, 84% used [0x00000000f0d80000,0x00000000f1fa0bb8,0x00000000f2300000)
  to   space 24064K, 0% used [0x00000000ef600000,0x00000000ef600000,0x00000000f0d80000)
 ParOldGen       total 118272K, used 30402K [0x00000000a0000000, 0x00000000a7380000, 0x00000000e0000000)
  object space 118272K, 25% used [0x00000000a0000000,0x00000000a1db0a38,0x00000000a7380000)
 Metaspace       used 60971K, capacity 63020K, committed 63144K, reserved 1103872K
  class space    used 8343K, capacity 8854K, committed 8872K, reserved 1048576K
}
Event: 194,473 GC heap before
{Heap before GC invocations=16 (full 3):
 PSYoungGen      total 273920K, used 270466K [0x00000000e0000000, 0x00000000f2900000, 0x0000000100000000)
  eden space 251904K, 100% used [0x00000000e0000000,0x00000000ef600000,0x00000000ef600000)
  from space 22016K, 84% used [0x00000000f0d80000,0x00000000f1fa0bb8,0x00000000f2300000)
  to   space 24064K, 0% used [0x00000000ef600000,0x00000000ef600000,0x00000000f0d80000)
 ParOldGen       total 118272K, used 30402K [0x00000000a0000000, 0x00000000a7380000, 0x00000000e0000000)
  object space 118272K, 25% used [0x00000000a0000000,0x00000000a1db0a38,0x00000000a7380000)
 Metaspace       used 68938K, capacity 71380K, committed 71592K, reserved 1112064K
  class space    used 9262K, capacity 9794K, committed 9896K, reserved 1048576K

